INFO - PPO - Running command 'ppo_run'
INFO - PPO - Started run with ID "30"
Creating env with params {'RUN_TYPE': 'ppo', 'SEEDS': [9456], 'LOCAL_TESTING': False, 'EX_NAME': 'ppo_bc_train_simple', 'SAVE_DIR': 'ppo_bc_train_simple/', 'GPU_ID': 0, 'PPO_RUN_TOT_TIMESTEPS': 100, 'mdp_params': {'layout_name': 'simple', 'start_order_list': None, 'rew_shaping_params': {'ONION_IN_EMPTY_POT_REWARD': 1.56, 'ONION_IN_PARTIAL_POT_REWARD': 2.92, 'DISH_PICKUP_REWARD': 1.26, 'SOUP_PICKUP_FROM_READY_POT_REWARD': 1.52, 'BOTH_POTS_FULL_REWARD': 9.86, 'SERVE_SOUP_REWARD': 0, 'SHARED_COUNTER_REWARD': 1.2}}, 'env_params': {'horizon': 400}, 'mdp_generation_params': {'padded_mdp_shape': [11, 7], 'mdp_shape_fn': [[5, 11], [5, 7]], 'prop_empty_fn': [0.6, 1], 'prop_feats_fn': [0, 0.6]}, 'ENTROPY': 0.1, 'GAMMA': 0.99, 'sim_threads': 30, 'TOTAL_BATCH_SIZE': 12000, 'BATCH_SIZE': 400, 'MAX_GRAD_NORM': 0.1, 'LR': 0.001, 'LR_ANNEALING': 3, 'VF_COEF': 0.5, 'STEPS_PER_UPDATE': 8, 'MINIBATCHES': 10, 'CLIPPING': 0.05, 'LAM': 0.98, 'SELF_PLAY_HORIZON': [500000.0, 3000000.0], 'REW_SHAPING_HORIZON': 1000000.0, 'OTHER_AGENT_TYPE': 'bc_train', 'HM_PARAMS': [True, 0.3], 'NUM_HIDDEN_LAYERS': 3, 'SIZE_HIDDEN_LAYERS': 64, 'NUM_FILTERS': 25, 'NUM_CONV_LAYERS': 3, 'NETWORK_TYPE': 'conv_and_mlp', 'SAVE_BEST_THRESH': 50, 'TRAJECTORY_SELF_PLAY': True, 'VIZ_FREQUENCY': 50, 'grad_updates_per_agent': 0}
Computing MediumLevelPlanner to be saved in /Users/rapandya/dev/research/longterm_adapt/human_aware_rl/overcooked_ai/overcooked_ai_py/data/planners/simple_am.pkl
/opt/anaconda3/envs/overcooked/lib/python3.7/site-packages/numpy/core/fromnumeric.py:3257: RuntimeWarning: Mean of empty slice.
  out=out, **kwargs)
/opt/anaconda3/envs/overcooked/lib/python3.7/site-packages/numpy/core/_methods.py:161: RuntimeWarning: invalid value encountered in double_scalars
  ret = ret.dtype.type(ret / rcount)
It took 0.6599757671356201 seconds to create mlp
LOADING BC MODEL FROM: simple_bc_train_seed3
Loading a model without an environment, this model cannot be trained until it has a valid environment.
WARNING:tensorflow:From /opt/anaconda3/envs/overcooked/lib/python3.7/site-packages/tensorflow/python/framework/op_def_library.py:263: colocate_with (from tensorflow.python.framework.ops) is deprecated and will be removed in a future version.
Instructions for updating:
Colocations handled automatically by placer.
WARNING - tensorflow - From /opt/anaconda3/envs/overcooked/lib/python3.7/site-packages/tensorflow/python/framework/op_def_library.py:263: colocate_with (from tensorflow.python.framework.ops) is deprecated and will be removed in a future version.
Instructions for updating:
Colocations handled automatically by placer.
WARNING:tensorflow:From /Users/rapandya/dev/research/longterm_adapt/human_aware_rl/stable-baselines/stable_baselines/common/policies.py:436: flatten (from tensorflow.python.layers.core) is deprecated and will be removed in a future version.
Instructions for updating:
Use keras.layers.flatten instead.
WARNING - tensorflow - From /Users/rapandya/dev/research/longterm_adapt/human_aware_rl/stable-baselines/stable_baselines/common/policies.py:436: flatten (from tensorflow.python.layers.core) is deprecated and will be removed in a future version.
Instructions for updating:
Use keras.layers.flatten instead.
WARNING:tensorflow:From /opt/anaconda3/envs/overcooked/lib/python3.7/site-packages/tensorflow/python/ops/math_ops.py:3066: to_int32 (from tensorflow.python.ops.math_ops) is deprecated and will be removed in a future version.
Instructions for updating:
Use tf.cast instead.
WARNING - tensorflow - From /opt/anaconda3/envs/overcooked/lib/python3.7/site-packages/tensorflow/python/ops/math_ops.py:3066: to_int32 (from tensorflow.python.ops.math_ops) is deprecated and will be removed in a future version.
Instructions for updating:
Use tf.cast instead.
WARNING:tensorflow:From /opt/anaconda3/envs/overcooked/lib/python3.7/site-packages/tensorflow/python/ops/math_grad.py:102: div (from tensorflow.python.ops.math_ops) is deprecated and will be removed in a future version.
Instructions for updating:
Deprecated in favor of operator or tf.math.divide.
WARNING - tensorflow - From /opt/anaconda3/envs/overcooked/lib/python3.7/site-packages/tensorflow/python/ops/math_grad.py:102: div (from tensorflow.python.ops.math_ops) is deprecated and will be removed in a future version.
Instructions for updating:
Deprecated in favor of operator or tf.math.divide.
Mlp with different params or mdp found, computing from scratch
Computing MediumLevelPlanner to be saved in /Users/rapandya/dev/research/longterm_adapt/human_aware_rl/overcooked_ai/overcooked_ai_py/data/planners/simple_am.pkl
It took 0.2505180835723877 seconds to create mlp
WARNING:tensorflow:From /Users/rapandya/dev/research/longterm_adapt/human_aware_rl/baselines/baselines/common/input.py:57: to_float (from tensorflow.python.ops.math_ops) is deprecated and will be removed in a future version.
Instructions for updating:
Use tf.cast instead.
WARNING - tensorflow - From /Users/rapandya/dev/research/longterm_adapt/human_aware_rl/baselines/baselines/common/input.py:57: to_float (from tensorflow.python.ops.math_ops) is deprecated and will be removed in a future version.
Instructions for updating:
Use tf.cast instead.
(30, 5, 4, 20)
WARNING:tensorflow:From /Users/rapandya/dev/research/longterm_adapt/human_aware_rl/human_aware_rl/baselines_utils.py:127: conv2d (from tensorflow.python.layers.convolutional) is deprecated and will be removed in a future version.
Instructions for updating:
Use keras.layers.conv2d instead.
WARNING - tensorflow - From /Users/rapandya/dev/research/longterm_adapt/human_aware_rl/human_aware_rl/baselines_utils.py:127: conv2d (from tensorflow.python.layers.convolutional) is deprecated and will be removed in a future version.
Instructions for updating:
Use keras.layers.conv2d instead.
WARNING:tensorflow:From /Users/rapandya/dev/research/longterm_adapt/human_aware_rl/human_aware_rl/baselines_utils.py:143: dense (from tensorflow.python.layers.core) is deprecated and will be removed in a future version.
Instructions for updating:
Use keras.layers.dense instead.
WARNING - tensorflow - From /Users/rapandya/dev/research/longterm_adapt/human_aware_rl/human_aware_rl/baselines_utils.py:143: dense (from tensorflow.python.layers.core) is deprecated and will be removed in a future version.
Instructions for updating:
Use keras.layers.dense instead.
Last layer conv network output shape (30, 64)
(1200, 5, 4, 20)
Last layer conv network output shape (1200, 64)
TOT NUM UPDATES 0
TOT NUM UPDATES 0
Deleting old dir ppo_bc_train_simple/seed9456/ppo_agent
WARNING:tensorflow:From ppo/ppo.py:243: simple_save (from tensorflow.python.saved_model.simple_save) is deprecated and will be removed in a future version.
Instructions for updating:
This function will only be available through the v1 compatibility library as tf.compat.v1.saved_model.simple_save.
WARNING - tensorflow - From ppo/ppo.py:243: simple_save (from tensorflow.python.saved_model.simple_save) is deprecated and will be removed in a future version.
Instructions for updating:
This function will only be available through the v1 compatibility library as tf.compat.v1.saved_model.simple_save.
WARNING:tensorflow:From /opt/anaconda3/envs/overcooked/lib/python3.7/site-packages/tensorflow/python/saved_model/signature_def_utils_impl.py:205: build_tensor_info (from tensorflow.python.saved_model.utils_impl) is deprecated and will be removed in a future version.
Instructions for updating:
This function will only be available through the v1 compatibility library as tf.compat.v1.saved_model.utils.build_tensor_info or tf.compat.v1.saved_model.build_tensor_info.
WARNING - tensorflow - From /opt/anaconda3/envs/overcooked/lib/python3.7/site-packages/tensorflow/python/saved_model/signature_def_utils_impl.py:205: build_tensor_info (from tensorflow.python.saved_model.utils_impl) is deprecated and will be removed in a future version.
Instructions for updating:
This function will only be available through the v1 compatibility library as tf.compat.v1.saved_model.utils.build_tensor_info or tf.compat.v1.saved_model.build_tensor_info.
INFO:tensorflow:Assets added to graph.
INFO - tensorflow - Assets added to graph.
INFO:tensorflow:No assets to write.
INFO - tensorflow - No assets to write.
INFO:tensorflow:SavedModel written to: ppo_bc_train_simple/seed9456/ppo_agent/saved_model.pb
INFO - tensorflow - SavedModel written to: ppo_bc_train_simple/seed9456/ppo_agent/saved_model.pb
Warning: Output is not a terminal (fd=1).
> [0;32m/Users/rapandya/dev/research/longterm_adapt/human_aware_rl/human_aware_rl/ppo/ppo.py[0m(426)[0;36mppo_run[0;34m()[0m
[0;32m    425 [0;31m        [0;31m# save in h5 format (to load LayersModel later)[0m[0;34m[0m[0;34m[0m[0;34m[0m[0m
[0m[0;32m--> 426 [0;31m        [0mh5_file[0m [0;34m=[0m [0mcurr_seed_dir[0m [0;34m+[0m [0mmodel[0m[0;34m.[0m[0magent_name[0m [0;34m+[0m [0;34m"_full_model.h5"[0m[0;34m[0m[0;34m[0m[0m
[0m[0;32m    427 [0;31m        [0mvariables[0m [0;34m=[0m [0mtf[0m[0;34m.[0m[0mget_collection[0m[0;34m([0m[0mtf[0m[0;34m.[0m[0mGraphKeys[0m[0;34m.[0m[0mGLOBAL_VARIABLES[0m[0;34m)[0m[0;34m[0m[0;34m[0m[0m
[0m
[?2004h[?25l[0m[?7l[0m[J[0;38;5;28mipdb> [6D[6C[?7h[0m[?12l[?25h[?25l[?7l[0mm[?7h[0m[?12l[?25h[?25l[?7l[0mo[?7h[0m[?12l[?25h[?25l[?7l[0md[?7h[0m[?12l[?25h[?25l[?7l[0me[?7h[0m[?12l[?25h[?25l[?7l[0ml[?7h[0m[?12l[?25h[?25l[?7l[0m_[?7h[0m[?12l[?25h[?25l[?7l[0mk[?7h[0m[?12l[?25h[?25l[?7l[0me[?7h[0m[?12l[?25h[?25l[?7l[0mr[?7h[0m[?12l[?25h[?25l[?7l[0ma[?7h[0m[?12l[?25h[?25l[?7l[0ms[?7h[0m[?12l[?25h[?25l[?7l[C[?7h[0m[?12l[?25h[?25l[?7l[0m=[?7h[0m[?12l[?25h[?25l[?7l[C[?7h[0m[?12l[?25h[?25l[?7l[0mt[?7h[0m[?12l[?25h[?25l[?7l[0mf[?7h[0m[?12l[?25h[?25l[?7l[0m.[?7h[0m[?12l[?25h[?25l[?7l[0mk[?7h[0m[?12l[?25h[?25l[?7l[0me[?7h[0m[?12l[?25h[?25l[?7l[0mr[?7h[0m[?12l[?25h[?25l[?7l[0ma[?7h[0m[?12l[?25h[?25l[?7l[0ms[?7h[0m[?12l[?25h[?25l[?7l[0m.[?7h[0m[?12l[?25h[?25l[?7l[0mS[?7h[0m[?12l[?25h[?25l[?7l[0me[?7h[0m[?12l[?25h[?25l[?7l[0mq[?7h[0m[?12l[?25h[?25l[?7l[0mu[?7h[0m[?12l[?25h[?25l[?7l[0me[?7h[0m[?12l[?25h[?25l[?7l[0mn[?7h[0m[?12l[?25h[?25l[?7l[0mi[?7h[0m[?12l[?25h[?25l[?7l[0m[K[?7h[0m[?12l[?25h[?25l[?7l[0mt[?7h[0m[?12l[?25h[?25l[?7l[0mi[?7h[0m[?12l[?25h[?25l[?7l[0ma[?7h[0m[?12l[?25h[?25l[?7l[0ml[?7h[0m[?12l[?25h[?25l[?7l[0m([?7h[0m[?12l[?25h[?25l[?7l[0m)[?7h[0m[?12l[?25h[?25l[?7l[41D[0m[J[0;38;5;28mipdb> [0mmodel_keras = tf.keras.Sequential()[41D[0m
[J[?7h[0m[?12l[?25h[?2004l[?2004h[?25l[0m[?7l[0m[J[0;38;5;28mipdb> [6D[6C[?7h[0m[?12l[?25h[?25l[?7l[0mm[?7h[0m[?12l[?25h[?25l[?7l[0mo[?7h[0m[?12l[?25h[?25l[?7l[0md[?7h[0m[?12l[?25h[?25l[?7l[0me[?7h[0m[?12l[?25h[?25l[?7l[0ml[?7h[0m[?12l[?25h[?25l[?7l[0m.[?7h[0m[?12l[?25h[?25l[?7l[0mp[?7h[0m[?12l[?25h[?25l[?7l[0mo[?7h[0m[?12l[?25h[?25l[?7l[0ml[?7h[0m[?12l[?25h[?25l[?7l[0mi[?7h[0m[?12l[?25h[?25l[?7l[0mc[?7h[0m[?12l[?25h[?25l[?7l[0my[?7h[0m[?12l[?25h[?25l[?7l[18D[0;38;5;28mipdb> [0mmodel.policy[0m






[0m [7A[18C[?7h[0m[?12l[?25h[?25l[?7l[0m[K[?7h[0m[?12l[?25h[?25l[?7l[0my[?7h[0m[?12l[?25h[?25l[?7l[18D[0m[J[0;38;5;28mipdb> [0mmodel.policy[18D[0m
[J[?7h[0m[?12l[?25h[?2004lException in thread Thread-3:
Traceback (most recent call last):
  File "/opt/anaconda3/envs/overcooked/lib/python3.7/site-packages/IPython/terminal/ptutils.py", line 113, in get_completions
    yield from self._get_completions(body, offset, cursor_position, self.ipy_completer)
  File "/opt/anaconda3/envs/overcooked/lib/python3.7/site-packages/IPython/terminal/ptutils.py", line 129, in _get_completions
    for c in completions:
  File "/opt/anaconda3/envs/overcooked/lib/python3.7/site-packages/IPython/core/completer.py", line 438, in _deduplicate_completions
    completions = list(completions)
  File "/opt/anaconda3/envs/overcooked/lib/python3.7/site-packages/IPython/core/completer.py", line 1818, in completions
    for c in self._completions(text, offset, _timeout=self.jedi_compute_type_timeout/1000):
  File "/opt/anaconda3/envs/overcooked/lib/python3.7/site-packages/IPython/core/completer.py", line 1862, in _completions
    full_text=full_text, cursor_line=cursor_line, cursor_pos=cursor_column)
  File "/opt/anaconda3/envs/overcooked/lib/python3.7/site-packages/IPython/core/completer.py", line 2030, in _complete
    cursor_pos, cursor_line, full_text)
  File "/opt/anaconda3/envs/overcooked/lib/python3.7/site-packages/IPython/core/completer.py", line 1374, in _jedi_matches
    text[:offset], namespaces, column=cursor_column, line=cursor_line + 1)
  File "/opt/anaconda3/envs/overcooked/lib/python3.7/site-packages/jedi/api/__init__.py", line 726, in __init__
    project=Project(Path.cwd()), **kwds)
TypeError: __init__() got an unexpected keyword argument 'column'

During handling of the above exception, another exception occurred:

Traceback (most recent call last):
  File "/opt/anaconda3/envs/overcooked/lib/python3.7/threading.py", line 926, in _bootstrap_inner
    self.run()
  File "/opt/anaconda3/envs/overcooked/lib/python3.7/threading.py", line 870, in run
    self._target(*self._args, **self._kwargs)
  File "/opt/anaconda3/envs/overcooked/lib/python3.7/site-packages/IPython/terminal/debugger.py", line 122, in in_thread
    line = self.pt_app.prompt()
  File "/opt/anaconda3/envs/overcooked/lib/python3.7/site-packages/prompt_toolkit/shortcuts/prompt.py", line 1013, in prompt
    return self.app.run(set_exception_handler=set_exception_handler)
  File "/opt/anaconda3/envs/overcooked/lib/python3.7/site-packages/prompt_toolkit/application/application.py", line 817, in run
    self.run_async(pre_run=pre_run, set_exception_handler=set_exception_handler)
  File "/opt/anaconda3/envs/overcooked/lib/python3.7/asyncio/base_events.py", line 587, in run_until_complete
    return future.result()
  File "/opt/anaconda3/envs/overcooked/lib/python3.7/site-packages/prompt_toolkit/application/application.py", line 783, in run_async
    return await _run_async2()
  File "/opt/anaconda3/envs/overcooked/lib/python3.7/site-packages/prompt_toolkit/application/application.py", line 771, in _run_async2
    await self.cancel_and_wait_for_background_tasks()
  File "/opt/anaconda3/envs/overcooked/lib/python3.7/site-packages/prompt_toolkit/application/application.py", line 872, in cancel_and_wait_for_background_tasks
    await task
  File "/opt/anaconda3/envs/overcooked/lib/python3.7/site-packages/prompt_toolkit/buffer.py", line 1854, in new_coroutine
    await coroutine(*a, **kw)
  File "/opt/anaconda3/envs/overcooked/lib/python3.7/site-packages/prompt_toolkit/buffer.py", line 1684, in async_completer
    document, complete_event
  File "/opt/anaconda3/envs/overcooked/lib/python3.7/site-packages/prompt_toolkit/completion/base.py", line 270, in get_completions_async
    document, complete_event
  File "/opt/anaconda3/envs/overcooked/lib/python3.7/site-packages/prompt_toolkit/completion/base.py", line 196, in get_completions_async
    for item in self.get_completions(document, complete_event):
  File "/opt/anaconda3/envs/overcooked/lib/python3.7/site-packages/IPython/terminal/ptutils.py", line 116, in get_completions
    exc_type, exc_value, exc_tb = sys.exc_info()
NameError: name 'sys' is not defined

[?2004h[?25l[0m[?7l[0m[J[0;38;5;28mipdb> [6D[6C[?7h[0m[?12l[?25h[?25l[?7l[0mm[?7h[0m[?12l[?25h[?25l[?7l[0mo[?7h[0m[?12l[?25h[?25l[?7l[0md[?7h[0m[?12l[?25h[?25l[?7l[0me[?7h[0m[?12l[?25h[?25l[?7l[0ml[?7h[0m[?12l[?25h[?25l[?7l[0m.[?7h[0m[?12l[?25h[?25l[?7l[0mp[?7h[0m[?12l[?25h[?25l[?7l[0mo[?7h[0m[?12l[?25h[?25l[?7l[0ml[?7h[0m[?12l[?25h[?25l[?7l[0mi[?7h[0m[?12l[?25h[?25l[?7l[0mc[?7h[0m[?12l[?25h[?25l[?7l[0my[?7h[0m[?12l[?25h[?25l[?7l[18D[0m[J[0;38;5;28mipdb> [0mmodel.policy[18D[0m
[J[?7h[0m[?12l[?25h[?2004l<function build_policy.<locals>.policy_fn at 0x7fee71c89b00>
[?2004h[?25l[0m[?7l[0m[J[0;38;5;28mipdb> [6D[6C[?7h[0m[?12l[?25h[?25l[?7l[0mmodel.policy[?7h[0m[?12l[?25h[?25l[?7l[0m.[?7h[0m[?12l[?25h[?25l[?7l[0m_[?7h[0m[?12l[?25h[?25l[?7l[0m_[?7h[0m[?12l[?25h[?25l[?7l[0md[?7h[0m[?12l[?25h[?25l[?7l[0mi[?7h[0m[?12l[?25h[?25l[?7l[0mc[?7h[0m[?12l[?25h[?25l[?7l[0mx[?7h[0m[?12l[?25h[?25l[?7l[0mt[?7h[0m[?12l[?25h[?25l[?7l[0m[K[?7h[0m[?12l[?25h[?25l[?7l[0m[K[?7h[0m[?12l[?25h[?25l[?7l[0mt[?7h[0m[?12l[?25h[?25l[?7l[0m_[?7h[0m[?12l[?25h[?25l[?7l[0m_[?7h[0m[?12l[?25h[?25l[?7l[0m.[?7h[0m[?12l[?25h[?25l[?7l[0mk[?7h[0m[?12l[?25h[?25l[?7l[0me[?7h[0m[?12l[?25h[?25l[?7l[0my[?7h[0m[?12l[?25h[?25l[?7l[0ms[?7h[0m[?12l[?25h[?25l[?7l[0m([?7h[0m[?12l[?25h[?25l[?7l[0m)[?7h[0m[?12l[?25h[?25l[?7l[34D[0m[J[0;38;5;28mipdb> [0mmodel.policy.__dict__.keys()[34D[0m
[J[?7h[0m[?12l[?25h[?2004ldict_keys([])
[?2004h[?25l[0m[?7l[0m[J[0;38;5;28mipdb> [6D[6C[?7h[0m[?12l[?25h[?25l[?7l[0mmodel.policy.__dict__.keys()[?7h[0m[?12l[?25h[?25l[?7l[0m[K[?7h[0m[?12l[?25h[?25l[?7l[0m[K[?7h[0m[?12l[?25h[?25l[?7l[0m[K[?7h[0m[?12l[?25h[?25l[?7l[0m[K[?7h[0m[?12l[?25h[?25l[?7l[0m[K[?7h[0m[?12l[?25h[?25l[?7l[0m[K[?7h[0m[?12l[?25h[?25l[?7l[0m[K[?7h[0m[?12l[?25h[?25l[?7l[27D[0m[J[0;38;5;28mipdb> [0mmodel.policy.__dict__[27D[0m
[J[?7h[0m[?12l[?25h[?2004l{}
[?2004h[?25l[0m[?7l[0m[J[0;38;5;28mipdb> [6D[6C[?7h[0m[?12l[?25h[?25l[?7l[0mmodel.policy.__dict__[?7h[0m[?12l[?25h[?25l[?7l[0m[K[?7h[0m[?12l[?25h[?25l[?7l[0m[K[?7h[0m[?12l[?25h[?25l[?7l[0m[K[?7h[0m[?12l[?25h[?25l[?7l[0m[K[?7h[0m[?12l[?25h[?25l[?7l[0m[K[?7h[0m[?12l[?25h[?25l[?7l[0m[K[?7h[0m[?12l[?25h[?25l[?7l[0m[K[?7h[0m[?12l[?25h[?25l[?7l[0m[K[?7h[0m[?12l[?25h[?25l[?7l[0m[K[?7h[0m[?12l[?25h[?25l[?7l[0m[K[?7h[0m[?12l[?25h[?25l[?7l[0m[K[?7h[0m[?12l[?25h[?25l[?7l[0m[K[?7h[0m[?12l[?25h[?25l[?7l[0m[K[?7h[0m[?12l[?25h[?25l[?7l[0m[K[?7h[0m[?12l[?25h[?25l[?7l[0m[K[?7h[0m[?12l[?25h[?25l[?7l[0ma[?7h[0m[?12l[?25h[?25l[?7l[0mc[?7h[0m[?12l[?25h[?25l[?7l[0mt[?7h[0m[?12l[?25h[?25l[?7l[0m_[?7h[0m[?12l[?25h[?25l[?7l[0mp[?7h[0m[?12l[?25h[?25l[?7l[0mo[?7h[0m[?12l[?25h[?25l[?7l[0ml[?7h[0m[?12l[?25h[?25l[?7l[0mi[?7h[0m[?12l[?25h[?25l[?7l[0mc[?7h[0m[?12l[?25h[?25l[?7l[0my[?7h[0m[?12l[?25h[?25l[?7l[22D[0m[J[0;38;5;28mipdb> [0mmodel.act_policy[22D[0m
[J[?7h[0m[?12l[?25h[?2004l*** AttributeError: 'Model' object has no attribute 'act_policy'
[?2004h[?25l[0m[?7l[0m[J[0;38;5;28mipdb> [6D[6C[?7h[0m[?12l[?25h[?25l[?7l[0mmodel.act_policy[?7h[0m[?12l[?25h[?25l[?7l[0m[K[?7h[0m[?12l[?25h[?25l[?7l[0m[K[?7h[0m[?12l[?25h[?25l[?7l[0m[K[?7h[0m[?12l[?25h[?25l[?7l[0m[K[?7h[0m[?12l[?25h[?25l[?7l[0m[K[?7h[0m[?12l[?25h[?25l[?7l[0m[K[?7h[0m[?12l[?25h[?25l[?7l[0m[K[?7h[0m[?12l[?25h[?25l[?7l[0m[K[?7h[0m[?12l[?25h[?25l[?7l[0m[K[?7h[0m[?12l[?25h[?25l[?7l[0m[K[?7h[0m[?12l[?25h[?25l[?7l[0mp[?7h[0m[?12l[?25h[?25l[?7l[0mo[?7h[0m[?12l[?25h[?25l[?7l[0ml[?7h[0m[?12l[?25h[?25l[?7l[0mi[?7h[0m[?12l[?25h[?25l[?7l[0mc[?7h[0m[?12l[?25h[?25l[?7l[0my[?7h[0m[?12l[?25h[?25l[?7l[0m_[?7h[0m[?12l[?25h[?25l[?7l[0ma[?7h[0m[?12l[?25h[?25l[?7l[0mc[?7h[0m[?12l[?25h[?25l[?7l[0mt[?7h[0m[?12l[?25h[?25l[?7l[22D[0m[J[0;38;5;28mipdb> [0mmodel.policy_act[22D[0m
[J[?7h[0m[?12l[?25h[?2004l*** AttributeError: 'Model' object has no attribute 'policy_act'
[?2004h[?25l[0m[?7l[0m[J[0;38;5;28mipdb> [6D[6C[?7h[0m[?12l[?25h[?25l[?7l[0mmodel.policy_act[?7h[0m[?12l[?25h[?25l[?7l[0m[K[?7h[0m[?12l[?25h[?25l[?7l[0m[K[?7h[0m[?12l[?25h[?25l[?7l[0m[K[?7h[0m[?12l[?25h[?25l[?7l[0m[K[?7h[0m[?12l[?25h[?25l[?7l[18D[0m[J[0;38;5;28mipdb> [0mmodel.policy[18D[0m
[J[?7h[0m[?12l[?25h[?2004l<function build_policy.<locals>.policy_fn at 0x7fee71c89b00>
[?2004h[?25l[0m[?7l[0m[J[0;38;5;28mipdb> [6D[6C[?7h[0m[?12l[?25h[?25l[?7l[0mmodel.policy[?7h[0m[?12l[?25h[?25l[?7l[0m[K[?7h[0m[?12l[?25h[?25l[?7l[0m[K[?7h[0m[?12l[?25h[?25l[?7l[0m[K[?7h[0m[?12l[?25h[?25l[?7l[0m[K[?7h[0m[?12l[?25h[?25l[?7l[0m[K[?7h[0m[?12l[?25h[?25l[?7l[0m[K[?7h[0m[?12l[?25h[?25l[?7l[0ma[?7h[0m[?12l[?25h[?25l[?7l[0mx[?7h[0m[?12l[?25h[?25l[?7l[0mt[?7h[0m[?12l[?25h[?25l[?7l[0m[K[?7h[0m[?12l[?25h[?25l[?7l[0m[K[?7h[0m[?12l[?25h[?25l[?7l[0mz[?7h[0m[?12l[?25h[?25l[?7l[0m[K[?7h[0m[?12l[?25h[?25l[?7l[0mc[?7h[0m[?12l[?25h[?25l[?7l[0mt[?7h[0m[?12l[?25h[?25l[?7l[0m)[?7h[0m[?12l[?25h[?25l[?7l[0mm[?7h[0m[?12l[?25h[?25l[?7l[0mo[?7h[0m[?12l[?25h[?25l[?7l[0md[?7h[0m[?12l[?25h[?25l[?7l[0me[?7h[0m[?12l[?25h[?25l[?7l[0ml[?7h[0m[?12l[?25h[?25l[?7l[21D[0;38;5;28mipdb> [0mmodel.act)model[0m
[0m [?7h[0m[?12l[?25h[?25l[?7l[0m [A[20C[?7h[0m[?12l[?25h[?25l[?7l[0m[K[?7h[0m[?12l[?25h[?25l[?7l[0m[K[?7h[0m[?12l[?25h[?25l[?7l[0m[K[?7h[0m[?12l[?25h[?25l[?7l[0m[K[?7h[0m[?12l[?25h[?25l[?7l[0m[K[?7h[0m[?12l[?25h[?25l[?7l[0m[K[?7h[0m[?12l[?25h[?25l[?7l[0m_[?7h[0m[?12l[?25h[?25l[?7l[0mm[?7h[0m[?12l[?25h[?25l[?7l[0mo[?7h[0m[?12l[?25h[?25l[?7l[0md[?7h[0m[?12l[?25h[?25l[?7l[0me[?7h[0m[?12l[?25h[?25l[?7l[0ml[?7h[0m[?12l[?25h[?25l[?7l[21D[0m[J[0;38;5;28mipdb> [0mmodel.act_model[21D[0m
[J[?7h[0m[?12l[?25h[?2004l<baselines.common.policies.PolicyWithValue object at 0x7fee7355c6d0>
[?2004h[?25l[0m[?7l[0m[J[0;38;5;28mipdb> [6D[6C[?7h[0m[?12l[?25h[?25l[?7l[0mm[?7h[0m[?12l[?25h[?25l[?7l[0mo[?7h[0m[?12l[?25h[?25l[?7l[0md[?7h[0m[?12l[?25h[?25l[?7l[0me[?7h[0m[?12l[?25h[?25l[?7l[0ml[?7h[0m[?12l[?25h[?25l[?7l[0m_[?7h[0m[?12l[?25h[?25l[?7l[0mk[?7h[0m[?12l[?25h[?25l[?7l[0me[?7h[0m[?12l[?25h[?25l[?7l[0mr[?7h[0m[?12l[?25h[?25l[?7l[0ma[?7h[0m[?12l[?25h[?25l[?7l[0ms[?7h[0m[?12l[?25h[?25l[?7l[0m.[?7h[0m[?12l[?25h[?25l[?7l[0ma[?7h[0m[?12l[?25h[?25l[?7l[0md[?7h[0m[?12l[?25h[?25l[?7l[0md[?7h[0m[?12l[?25h[?25l[?7l[0m([?7h[0m[?12l[?25h[?25l[?7l[0m[K[?7h[0m[?12l[?25h[?25l[?7l[0m[K[?7h[0m[?12l[?25h[?25l[?7l[0m[K[?7h[0m[?12l[?25h[?25l[?7l[0m[K[?7h[0m[?12l[?25h[?25l[?7l[0m[K[?7h[0m[?12l[?25h[?25l[?7l[0m[K[?7h[0m[?12l[?25h[?25l[?7l[0m[K[?7h[0m[?12l[?25h[?25l[?7l[0m[K[?7h[0m[?12l[?25h[?25l[?7l[0m[K[?7h[0m[?12l[?25h[?25l[?7l[0m[K[?7h[0m[?12l[?25h[?25l[?7l[0m[K[?7h[0m[?12l[?25h[?25l[?7l[0m[K[?7h[0m[?12l[?25h[?25l[?7l[0m[K[?7h[0m[?12l[?25h[?25l[?7l[0m[K[?7h[0m[?12l[?25h[?25l[?7l[0m[K[?7h[0m[?12l[?25h[?25l[?7l[0m[K[?7h[0m[?12l[?25h[?25l[?7l[?7h[0m[?12l[?25h[?25l[?7l[?7h[0m[?12l[?25h[?25l[?7l[?7h[0m[?12l[?25h[?25l[?7l[?7h[0m[?12l[?25h[?25l[?7l[?7h[0m[?12l[?25h[?25l[?7l[0mc[?7h[0m[?12l[?25h[?25l[?7l[0mo[?7h[0m[?12l[?25h[?25l[?7l[0mn[?7h[0m[?12l[?25h[?25l[?7l[0mv[?7h[0m[?12l[?25h[?25l[?7l[0m_[?7h[0m[?12l[?25h[?25l[?7l[0mo[?7h[0m[?12l[?25h[?25l[?7l[0mu[?7h[0m[?12l[?25h[?25l[?7l[0mt[?7h[0m[?12l[?25h[?25l[?7l[C[?7h[0m[?12l[?25h[?25l[?7l[0m=[?7h[0m[?12l[?25h[?25l[?7l[C[?7h[0m[?12l[?25h[?25l[?7l[?7h[0m[?12l[?25h[?25l[?7l[2D[0m[K[C[?7h[0m[?12l[?25h[?25l[?7l[?7h[0m[?12l[?25h[?25l[?7l[0m[K[?7h[0m[?12l[?25h[?25l[?7l[0m[K[?7h[0m[?12l[?25h[?25l[?7l[0m[K[?7h[0m[?12l[?25h[?25l[?7l[0m[K[?7h[0m[?12l[?25h[?25l[?7l[0m[K[?7h[0m[?12l[?25h[?25l[?7l[0m[K[?7h[0m[?12l[?25h[?25l[?7l[0m[K[?7h[0m[?12l[?25h[?25l[?7l[0m[K[?7h[0m[?12l[?25h[?25l[?7l[?7h[0m[?12l[?25h[?25l[?7l[?7h[0m[?12l[?25h[?25l[?7l[0mp[?7h[0m[?12l[?25h[?25l[?7l[0ma[?7h[0m[?12l[?25h[?25l[?7l[0mr[?7h[0m[?12l[?25h[?25l[?7l[0me[?7h[0m[?12l[?25h[?25l[?7l[0mm[?7h[0m[?12l[?25h[?25l[?7l[0ms[?7h[0m[?12l[?25h[?25l[?7l[0m[K[?7h[0m[?12l[?25h[?25l[?7l[0m[K[?7h[0m[?12l[?25h[?25l[?7l[0m[K[?7h[0m[?12l[?25h[?25l[?7l[0ma[?7h[0m[?12l[?25h[?25l[?7l[0mm[?7h[0m[?12l[?25h[?25l[?7l[0ms[?7h[0m[?12l[?25h[?25l[?7l[0m[[?7h[0m[?12l[?25h[?25l[?7l[0m"[?7h[0m[?12l[?25h[?25l[?7l[0mN[?7h[0m[?12l[?25h[?25l[?7l[0mU[?7h[0m[?12l[?25h[?25l[?7l[0mM[?7h[0m[?12l[?25h[?25l[?7l[0m_[?7h[0m[?12l[?25h[?25l[?7l[0mF[?7h[0m[?12l[?25h[?25l[?7l[0mI[?7h[0m[?12l[?25h[?25l[?7l[0mL[?7h[0m[?12l[?25h[?25l[?7l[0mT[?7h[0m[?12l[?25h[?25l[?7l[0mE[?7h[0m[?12l[?25h[?25l[?7l[0mR[?7h[0m[?12l[?25h[?25l[?7l[0mS[?7h[0m[?12l[?25h[?25l[?7l[0m"[?7h[0m[?12l[?25h[?25l[?7l[0m][?7h[0m[?12l[?25h[?25l[?7l[27D[0m[J[0;38;5;28mipdb> [0mparams["NUM_FILTERS"][27D[0m
[J[?7h[0m[?12l[?25h[?2004l25
[?2004h[?25l[0m[?7l[0m[J[0;38;5;28mipdb> [6D[6C[?7h[0m[?12l[?25h[?25l[?7l[0mo[?7h[0m[?12l[?25h[?25l[?7l[0m[K[?7h[0m[?12l[?25h[?25l[?7l[0mc[?7h[0m[?12l[?25h[?25l[?7l[0mo[?7h[0m[?12l[?25h[?25l[?7l[0mn[?7h[0m[?12l[?25h[?25l[?7l[0mv[?7h[0m[?12l[?25h[?25l[?7l[0m_[?7h[0m[?12l[?25h[?25l[?7l[0mo[?7h[0m[?12l[?25h[?25l[?7l[0mu[?7h[0m[?12l[?25h[?25l[?7l[0mt[?7h[0m[?12l[?25h[?25l[?7l[C[?7h[0m[?12l[?25h[?25l[?7l[0m=[?7h[0m[?12l[?25h[?25l[?7l[C[?7h[0m[?12l[?25h[?25l[?7l[0mt[?7h[0m[?12l[?25h[?25l[?7l[0mf[?7h[0m[?12l[?25h[?25l[?7l[0m.[?7h[0m[?12l[?25h[?25l[?7l[0mk[?7h[0m[?12l[?25h[?25l[?7l[0me[?7h[0m[?12l[?25h[?25l[?7l[0mr[?7h[0m[?12l[?25h[?25l[?7l[0ma[?7h[0m[?12l[?25h[?25l[?7l[0ms[?7h[0m[?12l[?25h[?25l[?7l[0m.[?7h[0m[?12l[?25h[?25l[?7l[0mc[?7h[0m[?12l[?25h[?25l[?7l[0mo[?7h[0m[?12l[?25h[?25l[?7l[0mn[?7h[0m[?12l[?25h[?25l[?7l[0mv[?7h[0m[?12l[?25h[?25l[?7l[0m2[?7h[0m[?12l[?25h[?25l[?7l[0md[?7h[0m[?12l[?25h[?25l[?7l[0m([?7h[0m[?12l[?25h[?25l[?7l[0mf[?7h[0m[?12l[?25h[?25l[?7l[0mi[?7h[0m[?12l[?25h[?25l[?7l[0ml[?7h[0m[?12l[?25h[?25l[?7l[0mt[?7h[0m[?12l[?25h[?25l[?7l[0me[?7h[0m[?12l[?25h[?25l[?7l[0mr[?7h[0m[?12l[?25h[?25l[?7l[0ms[?7h[0m[?12l[?25h[?25l[?7l[0m=[?7h[0m[?12l[?25h[?25l[?7l[0m2[?7h[0m[?12l[?25h[?25l[?7l[0m5[?7h[0m[?12l[?25h[?25l[?7l[0m[K[?7h[0m[?12l[?25h[?25l[?7l[0m[K[?7h[0m[?12l[?25h[?25l[?7l[0mp[?7h[0m[?12l[?25h[?25l[?7l[0ma[?7h[0m[?12l[?25h[?25l[?7l[0mr[?7h[0m[?12l[?25h[?25l[?7l[0ma[?7h[0m[?12l[?25h[?25l[?7l[0mm[?7h[0m[?12l[?25h[?25l[?7l[0ms[?7h[0m[?12l[?25h[?25l[?7l[0m[K[?7h[0m[?12l[?25h[?25l[?7l[0m[K[?7h[0m[?12l[?25h[?25l[?7l[0m[K[?7h[0m[?12l[?25h[?25l[?7l[0m[K[?7h[0m[?12l[?25h[?25l[?7l[0m[K[?7h[0m[?12l[?25h[?25l[?7l[0m[K[?7h[0m[?12l[?25h[?25l[?7l[0m[K[?7h[0m[?12l[?25h[?25l[?7l[0m[K[?7h[0m[?12l[?25h[?25l[?7l[0m[K[?7h[0m[?12l[?25h[?25l[?7l[0m[K[?7h[0m[?12l[?25h[?25l[?7l[0m[K[?7h[0m[?12l[?25h[?25l[?7l[0m[K[?7h[0m[?12l[?25h[?25l[?7l[0m[K[?7h[0m[?12l[?25h[?25l[?7l[0m[K[?7h[0m[?12l[?25h[?25l[?7l[0m[K[?7h[0m[?12l[?25h[?25l[?7l[0m[K[?7h[0m[?12l[?25h[?25l[?7l[0m[K[?7h[0m[?12l[?25h[?25l[?7l[0m[K[?7h[0m[?12l[?25h[?25l[?7l[0m[K[?7h[0m[?12l[?25h[?25l[?7l[0m[K[?7h[0m[?12l[?25h[?25l[?7l[0m[K[?7h[0m[?12l[?25h[?25l[?7l[0m[K[?7h[0m[?12l[?25h[?25l[?7l[0m[K[?7h[0m[?12l[?25h[?25l[?7l[0m[K[?7h[0m[?12l[?25h[?25l[?7l[0m[K[?7h[0m[?12l[?25h[?25l[?7l[0m[K[?7h[0m[?12l[?25h[?25l[?7l[0m[K[?7h[0m[?12l[?25h[?25l[?7l[0m[K[?7h[0m[?12l[?25h[?25l[?7l[0m[K[?7h[0m[?12l[?25h[?25l[?7l[2D[0m[K[C[?7h[0m[?12l[?25h[?25l[?7l[?7h[0m[?12l[?25h[?25l[?7l[2D[0m[K[C[?7h[0m[?12l[?25h[?25l[?7l[?7h[0m[?12l[?25h[?25l[?7l[0m[K[?7h[0m[?12l[?25h[?25l[?7l[0m[K[?7h[0m[?12l[?25h[?25l[?7l[0m[K[?7h[0m[?12l[?25h[?25l[?7l[0m[K[?7h[0m[?12l[?25h[?25l[?7l[0m[K[?7h[0m[?12l[?25h[?25l[?7l[0m[K[?7h[0m[?12l[?25h[?25l[?7l[0m[K[?7h[0m[?12l[?25h[?25l[?7l[0m[K[?7h[0m[?12l[?25h[?25l[?7l[?7h[0m[?12l[?25h[?25l[?7l[?7h[0m[?12l[?25h[?25l[?7l[?7h[0m[?12l[?25h[?25l[?7l[?7h[0m[?12l[?25h[?25l[?7l[?7h[0m[?12l[?25h